<?xml version="1.0" encoding="UTF-8"?>
<!-- Generated by org.testng.reporters.JUnitReportReporter -->
<testsuite skipped="0" hostname="Shri-PC" name="testNGPractice.DemoTest" tests="3" failures="0" timestamp="2021-10-28T20:38:34 IST" time="0.021" errors="0">
  <testcase name="login" time="0.015" classname="testNGPractice.DemoTest"/>
  <system-out/>
  <testcase name="dash" time="0.003" classname="testNGPractice.DemoTest"/>
  <system-out/>
  <testcase name="user" time="0.003" classname="testNGPractice.DemoTest"/>
  <system-out/>
</testsuite> <!-- testNGPractice.DemoTest -->
