<?xml version="1.0" encoding="UTF-8"?>
<!-- Generated by org.testng.reporters.JUnitReportReporter -->
<testsuite skipped="0" hostname="Shri-PC" name="industrialTraining.ClickMethods" tests="2" failures="0" timestamp="2021-12-07T20:36:57 IST" time="1.094" errors="0">
  <testcase name="test1" time="0.848" classname="industrialTraining.ClickMethods"/>
  <system-out/>
  <testcase name="test2" time="0.246" classname="industrialTraining.ClickMethods"/>
  <system-out/>
</testsuite> <!-- industrialTraining.ClickMethods -->
