<?xml version="1.0" encoding="UTF-8"?>
<!-- Generated by org.testng.reporters.JUnitReportReporter -->
<testsuite skipped="0" hostname="Shri-PC" name="com.autoit.RobotEx" tests="1" failures="0" timestamp="2021-11-03T09:16:29 IST" time="14.866" errors="0">
  <testcase name="test01" time="14.866" classname="com.autoit.RobotEx"/>
  <system-out/>
</testsuite> <!-- com.autoit.RobotEx -->
