<?xml version="1.0" encoding="UTF-8"?>
<!-- Generated by org.testng.reporters.JUnitReportReporter -->
<testsuite skipped="0" hostname="Shri-PC" name="com.autoit.RobotEx" tests="1" failures="0" timestamp="2021-12-11T20:24:42 IST" time="18.058" errors="0">
  <testcase name="test01" time="18.058" classname="com.autoit.RobotEx"/>
  <system-out/>
</testsuite> <!-- com.autoit.RobotEx -->
