<?xml version="1.0" encoding="UTF-8"?>
<!-- Generated by org.testng.reporters.JUnitReportReporter -->
<testsuite skipped="0" hostname="Shri-PC" name="testNGPractice.Prac" tests="4" failures="0" timestamp="2021-12-30T18:44:06 IST" time="0.021" errors="0">
  <testcase name="loginwithouthPriority" time="0.008" classname="testNGPractice.Prac"/>
  <system-out/>
  <testcase name="dashwithouthPriority" time="0.011" classname="testNGPractice.Prac"/>
  <system-out/>
  <testcase name="login1" time="0.001" classname="testNGPractice.Prac"/>
  <system-out/>
  <testcase name="user" time="0.001" classname="testNGPractice.Prac"/>
  <system-out/>
</testsuite> <!-- testNGPractice.Prac -->
