<?xml version="1.0" encoding="UTF-8"?>
<!-- Generated by org.testng.reporters.JUnitReportReporter -->
<testsuite skipped="0" hostname="Shri-PC" name="dataProvider.DPWithExcel" tests="4" failures="0" timestamp="2021-10-28T11:52:40 IST" time="2.875" errors="0">
  <testcase name="loginTest" time="0.299" classname="dataProvider.DPWithExcel"/>
  <system-out/>
  <testcase name="loginTest" time="0.456" classname="dataProvider.DPWithExcel"/>
  <system-out/>
  <testcase name="loginTest" time="1.700" classname="dataProvider.DPWithExcel"/>
  <system-out/>
  <testcase name="loginTest" time="0.420" classname="dataProvider.DPWithExcel"/>
  <system-out/>
</testsuite> <!-- dataProvider.DPWithExcel -->
