<?xml version="1.0" encoding="UTF-8"?>
<!-- Generated by org.testng.reporters.JUnitReportReporter -->
<testsuite skipped="0" hostname="Shri-PC" name="windowHandling.FrameHandle" tests="1" failures="0" timestamp="2021-11-15T15:28:46 IST" time="13.679" errors="0">
  <testcase name="test01" time="13.679" classname="windowHandling.FrameHandle"/>
  <system-out/>
</testsuite> <!-- windowHandling.FrameHandle -->
