<?xml version="1.0" encoding="UTF-8"?>
<!-- Generated by org.testng.reporters.JUnitReportReporter -->
<testsuite skipped="0" hostname="Shri-PC" name="dataProvider.DataProviderWithDp" tests="5" failures="0" timestamp="2021-10-28T17:57:55 IST" time="1.626" errors="0">
  <testcase name="loginTest" time="0.329" classname="dataProvider.DataProviderWithDp"/>
  <system-out/>
  <testcase name="loginTest" time="0.330" classname="dataProvider.DataProviderWithDp"/>
  <system-out/>
  <testcase name="loginTest" time="0.321" classname="dataProvider.DataProviderWithDp"/>
  <system-out/>
  <testcase name="loginTest" time="0.326" classname="dataProvider.DataProviderWithDp"/>
  <system-out/>
  <testcase name="loginTest" time="0.320" classname="dataProvider.DataProviderWithDp"/>
  <system-out/>
</testsuite> <!-- dataProvider.DataProviderWithDp -->
