<?xml version="1.0" encoding="UTF-8"?>
<!-- Generated by org.testng.reporters.JUnitReportReporter -->
<testsuite skipped="0" hostname="Shri-PC" name="dataProvider.A" tests="1" failures="0" timestamp="2021-10-30T19:52:56 IST" time="3.504" errors="0">
  <testcase name="verifyColor" time="3.504" classname="dataProvider.A"/>
  <system-out/>
</testsuite> <!-- dataProvider.A -->
