<?xml version="1.0" encoding="UTF-8"?>
<!-- Generated by org.testng.reporters.JUnitReportReporter -->
<testsuite skipped="0" hostname="Shri-PC" name="practice.RightClick" tests="1" failures="0" timestamp="2021-12-27T10:14:07 IST" time="0.332" errors="0">
  <testcase name="rightclick" time="0.332" classname="practice.RightClick"/>
  <system-out/>
</testsuite> <!-- practice.RightClick -->
