<?xml version="1.0" encoding="UTF-8"?>
<!-- Generated by org.testng.reporters.JUnitReportReporter -->
<testsuite skipped="0" hostname="Shri-PC" name="practice.TablePrint" tests="1" failures="0" timestamp="2021-10-30T20:23:15 IST" time="7.118" errors="0">
  <testcase name="verifyColor" time="7.118" classname="practice.TablePrint"/>
  <system-out/>
</testsuite> <!-- practice.TablePrint -->
