<?xml version="1.0" encoding="UTF-8"?>
<!-- Generated by org.testng.reporters.JUnitReportReporter -->
<testsuite skipped="0" hostname="Shri-PC" name="industrialTraining.SelectRadio" tests="1" failures="0" timestamp="2021-12-04T11:43:11 IST" time="0.086" errors="0">
  <testcase name="test_1" time="0.086" classname="industrialTraining.SelectRadio"/>
  <system-out/>
</testsuite> <!-- industrialTraining.SelectRadio -->
