<?xml version="1.0" encoding="UTF-8"?>
<!-- Generated by org.testng.reporters.JUnitReportReporter -->
<testsuite skipped="0" hostname="Shri-PC" name="com.autoit.PlayGroundDownload" tests="1" failures="0" timestamp="2021-11-02T20:25:42 IST" time="15.003" errors="0">
  <testcase name="test" time="15.003" classname="com.autoit.PlayGroundDownload"/>
  <system-out/>
</testsuite> <!-- com.autoit.PlayGroundDownload -->
