<?xml version="1.0" encoding="UTF-8"?>
<!-- Generated by org.testng.reporters.JUnitReportReporter -->
<testsuite skipped="0" hostname="Shri-PC" name="practice.HighLightAnElement" tests="1" failures="0" timestamp="2021-12-27T09:37:32 IST" time="0.511" errors="0">
  <testcase name="highLight" time="0.511" classname="practice.HighLightAnElement"/>
  <system-out/>
</testsuite> <!-- practice.HighLightAnElement -->
