<?xml version="1.0" encoding="UTF-8"?>
<!-- Generated by org.testng.reporters.JUnitReportReporter -->
<testsuite skipped="0" hostname="Shri-PC" name="industrialTraining.SelectClassOptions" tests="1" failures="0" timestamp="2021-12-07T19:58:45 IST" time="0.520" errors="0">
  <testcase name="dropdownMultipleSelect" time="0.520" classname="industrialTraining.SelectClassOptions"/>
  <system-out/>
</testsuite> <!-- industrialTraining.SelectClassOptions -->
