<?xml version="1.0" encoding="UTF-8"?>
<!-- Generated by org.testng.reporters.JUnitReportReporter -->
<testsuite skipped="0" hostname="Shri-PC" name="industrialTraining.CheckBoxes" tests="1" failures="0" timestamp="2021-12-07T16:27:33 IST" time="0.332" errors="0">
  <testcase name="checkBox" time="0.332" classname="industrialTraining.CheckBoxes"/>
  <system-out/>
</testsuite> <!-- industrialTraining.CheckBoxes -->
