<?xml version="1.0" encoding="UTF-8"?>
<!-- Generated by org.testng.reporters.JUnitReportReporter -->
<testsuite skipped="0" hostname="Shri-PC" name="com.autoit.FileUpload" tests="1" failures="0" timestamp="2021-11-11T08:58:50 IST" time="12.827" errors="0">
  <testcase name="test" time="12.827" classname="com.autoit.FileUpload"/>
  <system-out/>
</testsuite> <!-- com.autoit.FileUpload -->
