<?xml version="1.0" encoding="UTF-8"?>
<!-- Generated by org.testng.reporters.JUnitReportReporter -->
<testsuite skipped="0" hostname="Shri-PC" name="dataProvider.PrintData" tests="3" failures="0" timestamp="2021-10-28T19:34:25 IST" time="1.996" errors="0">
  <testcase name="verifyPhoneCall" time="0.456" classname="dataProvider.PrintData"/>
  <system-out/>
  <testcase name="verifyOperator" time="0.560" classname="dataProvider.PrintData"/>
  <system-out/>
  <testcase name="loginTest" time="0.980" classname="dataProvider.PrintData"/>
  <system-out/>
</testsuite> <!-- dataProvider.PrintData -->
