<?xml version="1.0" encoding="UTF-8"?>
<!-- Generated by org.testng.reporters.JUnitReportReporter -->
<testsuite skipped="0" hostname="Shri-PC" name="com.autoit.FileDownload" tests="1" failures="0" timestamp="2021-11-02T20:08:02 IST" time="21.098" errors="0">
  <testcase name="test" time="21.098" classname="com.autoit.FileDownload"/>
  <system-out/>
</testsuite> <!-- com.autoit.FileDownload -->
